<?xml version="1.0" encoding="UTF-8"?>
<!-- Generated by org.testng.reporters.JUnitReportReporter -->
<testsuite hostname="DESKTOP-QFV9SEJ" failures="0" tests="1" name="org.Test.login.TC001_Login" time="9.071" errors="0" timestamp="22 Apr 2023 12:07:37 GMT" skipped="0">
  <testcase classname="org.Test.login.TC001_Login" name="logintest" time="9.071"/>
</testsuite> <!-- org.Test.login.TC001_Login -->
