<?xml version="1.0" encoding="UTF-8"?>
<!-- Generated by org.testng.reporters.JUnitReportReporter -->
<testsuite hostname="DESKTOP-QFV9SEJ" failures="0" tests="3" name="org.letcode.Test.TC001_Login" time="11.463" errors="0" timestamp="27 Apr 2023 08:38:15 GMT" skipped="0">
  <testcase classname="org.letcode.Test.TC001_Login" name="loginTest" time="4.742"/>
  <testcase classname="org.letcode.Test.TC001_Login" name="loginTest" time="3.395"/>
  <testcase classname="org.letcode.Test.TC001_Login" name="loginTest" time="3.326"/>
</testsuite> <!-- org.letcode.Test.TC001_Login -->
